Starting auto_commit script...
Adding changes...
Committing changes...
[main 8cf3eec] Auto commit on Wed Aug 27 14:51:55 UTC 2025
 3 files changed, 19 insertions(+), 1 deletion(-)
 create mode 100755 .devcontainer/auto_commit.sh
 create mode 100644 auto_commit.log
Sleeping for 3 minutes...

Starting auto_commit script...
Adding changes...
Committing changes...
[main 3d28cfe] Auto commit on Sun Sep 14 08:18:59 UTC 2025
 2 files changed, 2 insertions(+), 6 deletions(-)
Sleeping for 3 minutes...

Adding changes...
Committing changes...
[main 7e7a973] Auto commit on Sun Sep 14 08:21:59 UTC 2025
 1 file changed, 6 insertions(+)
Sleeping for 3 minutes...

Adding changes...
Committing changes...
[main 1ba858a] Auto commit on Sun Sep 14 08:24:59 UTC 2025
 1 file changed, 6 insertions(+)
Sleeping for 3 minutes...

Adding changes...
